int -> 0
identifier -> 110
, -> 0
identifier -> 105
= -> 0
int_constant -> 48
, -> 0
identifier -> 115
= -> 0
int_constant -> 48
; -> 0
read -> 0
( -> 0
identifier -> 110
) -> 0
; -> 0
while -> 0
( -> 0
identifier -> 105
<= -> 0
identifier -> 110
) -> 0
{ -> 0
int -> 0
identifier -> 97
; -> 0
read -> 0
( -> 0
identifier -> 97
) -> 0
; -> 0
identifier -> 115
= -> 0
identifier -> 115
+ -> 0
identifier -> 97
; -> 0
identifier -> 105
= -> 0
identifier -> 105
+ -> 0
int_constant -> 49
; -> 0
} -> 0
; -> 0
print -> 0
( -> 0
identifier -> 115
) -> 0
; -> 0
